Added Component: Designator=J1(206-0)
Add component. Clean all parameters for all variants
Add component (AddParameter): Name = "Allied_Number"; Value = "70042958"; VariantName = "[No Variations]"
Add component (AddParameter): Name = "Allied Price/Stock"; Value = "https://www.alliedelec.com/teconnectivity-6-534206-0/70042958/"; VariantName = "[No Variations]"
Add component (AddParameter): Name = "Datasheet Link"; Value = "https://www.te.com/commerce/DocumentDelivery/DDEController?Action=showdoc&DocId=Customer+Drawing%7F534206%7FR7%7Fpdf%7FEnglish%7FENG_CD_534206_R7.pdf%7F6-534206-0"; VariantName = "[No Variations]"
Add component (AddParameter): Name = "Height"; Value = "8.64mm"; VariantName = "[No Variations]"
Add component (AddParameter): Name = "Manufacturer_Name"; Value = "TE Connectivity"; VariantName = "[No Variations]"
Add component (AddParameter): Name = "Manufacturer_Part_Number"; Value = "6-534206-0"; VariantName = "[No Variations]"
Add component (AddParameter): Name = "Mouser Part Number"; Value = "571-6-534206-0"; VariantName = "[No Variations]"
Add component (AddParameter): Name = "Mouser Price/Stock"; Value = "https://www.mouser.com/Search/Refine.aspx?Keyword=571-6-534206-0"; VariantName = "[No Variations]"
Add component (AddParameter): Name = "RS Part Number"; Value = "6803445P"; VariantName = "[No Variations]"
Add component (AddParameter): Name = "RS Price/Stock"; Value = "http://uk.rs-online.com/web/p/products/6803445P"; VariantName = "[No Variations]"
Added Pin To Net: NetName=NetJ1_25 Pin=J1-25
Added Pin To Net: NetName=NetJ1_26 Pin=J1-26
Added Pin To Net: NetName=NetJ1_28 Pin=J1-28
Added Pin To Net: NetName=NetJ1_29 Pin=J1-29
Added Pin To Net: NetName=NetIC1_5 Pin=J1-30
Added Member To Class: ClassName=Sheet1 Member=Component J1 6-534206-0
Added Member To Class: ClassName=Sheet1 Member=Component J2 6-534206-0
Added Member To Class: ClassName=Sheet1 Member=Component J3 6-534206-0
Added Member To Class: ClassName=Sheet1 Member=Component J4 6-534206-0
