Added Component: Designator=J1(206-0)
Add component. Clean all parameters for all variants
Add component (AddParameter): Name = "Allied_Number"; Value = "70042958"; VariantName = "[No Variations]"
Add component (AddParameter): Name = "Allied Price/Stock"; Value = "https://www.alliedelec.com/teconnectivity-6-534206-0/70042958/"; VariantName = "[No Variations]"
Add component (AddParameter): Name = "Datasheet Link"; Value = "https://www.te.com/commerce/DocumentDelivery/DDEController?Action=showdoc&DocId=Customer+Drawing%7F534206%7FR7%7Fpdf%7FEnglish%7FENG_CD_534206_R7.pdf%7F6-534206-0"; VariantName = "[No Variations]"
Add component (AddParameter): Name = "Height"; Value = "8.64mm"; VariantName = "[No Variations]"
Add component (AddParameter): Name = "Manufacturer_Name"; Value = "TE Connectivity"; VariantName = "[No Variations]"
Add component (AddParameter): Name = "Manufacturer_Part_Number"; Value = "6-534206-0"; VariantName = "[No Variations]"
Add component (AddParameter): Name = "Mouser Part Number"; Value = "571-6-534206-0"; VariantName = "[No Variations]"
Add component (AddParameter): Name = "Mouser Price/Stock"; Value = "https://www.mouser.com/Search/Refine.aspx?Keyword=571-6-534206-0"; VariantName = "[No Variations]"
Add component (AddParameter): Name = "RS Part Number"; Value = "6803445P"; VariantName = "[No Variations]"
Add component (AddParameter): Name = "RS Price/Stock"; Value = "http://uk.rs-online.com/web/p/products/6803445P"; VariantName = "[No Variations]"
Added Component: Designator=J3(206-0_1)
Add component. Clean all parameters for all variants
Add component (AddParameter): Name = "Allied_Number"; Value = "70042958"; VariantName = "[No Variations]"
Add component (AddParameter): Name = "Allied Price/Stock"; Value = "https://www.alliedelec.com/teconnectivity-6-534206-0/70042958/"; VariantName = "[No Variations]"
Add component (AddParameter): Name = "Datasheet Link"; Value = "https://www.te.com/commerce/DocumentDelivery/DDEController?Action=showdoc&DocId=Customer+Drawing%7F534206%7FR7%7Fpdf%7FEnglish%7FENG_CD_534206_R7.pdf%7F6-534206-0"; VariantName = "[No Variations]"
Add component (AddParameter): Name = "Height"; Value = "8.64mm"; VariantName = "[No Variations]"
Add component (AddParameter): Name = "Manufacturer_Name"; Value = "TE Connectivity"; VariantName = "[No Variations]"
Add component (AddParameter): Name = "Manufacturer_Part_Number"; Value = "6-534206-0"; VariantName = "[No Variations]"
Add component (AddParameter): Name = "Mouser Part Number"; Value = "571-6-534206-0"; VariantName = "[No Variations]"
Add component (AddParameter): Name = "Mouser Price/Stock"; Value = "https://www.mouser.com/Search/Refine.aspx?Keyword=571-6-534206-0"; VariantName = "[No Variations]"
Add component (AddParameter): Name = "RS Part Number"; Value = "6803445P"; VariantName = "[No Variations]"
Add component (AddParameter): Name = "RS Price/Stock"; Value = "http://uk.rs-online.com/web/p/products/6803445P"; VariantName = "[No Variations]"
Added Component: Designator=J4(206-0_2)
Add component. Clean all parameters for all variants
Add component (AddParameter): Name = "Allied_Number"; Value = "70042958"; VariantName = "[No Variations]"
Add component (AddParameter): Name = "Allied Price/Stock"; Value = "https://www.alliedelec.com/teconnectivity-6-534206-0/70042958/"; VariantName = "[No Variations]"
Add component (AddParameter): Name = "Datasheet Link"; Value = "https://www.te.com/commerce/DocumentDelivery/DDEController?Action=showdoc&DocId=Customer+Drawing%7F534206%7FR7%7Fpdf%7FEnglish%7FENG_CD_534206_R7.pdf%7F6-534206-0"; VariantName = "[No Variations]"
Add component (AddParameter): Name = "Height"; Value = "8.64mm"; VariantName = "[No Variations]"
Add component (AddParameter): Name = "Manufacturer_Name"; Value = "TE Connectivity"; VariantName = "[No Variations]"
Add component (AddParameter): Name = "Manufacturer_Part_Number"; Value = "6-534206-0"; VariantName = "[No Variations]"
Add component (AddParameter): Name = "Mouser Part Number"; Value = "571-6-534206-0"; VariantName = "[No Variations]"
Add component (AddParameter): Name = "Mouser Price/Stock"; Value = "https://www.mouser.com/Search/Refine.aspx?Keyword=571-6-534206-0"; VariantName = "[No Variations]"
Add component (AddParameter): Name = "RS Part Number"; Value = "6803445P"; VariantName = "[No Variations]"
Add component (AddParameter): Name = "RS Price/Stock"; Value = "http://uk.rs-online.com/web/p/products/6803445P"; VariantName = "[No Variations]"
Added Component: Designator=J5(206-0_3)
Add component. Clean all parameters for all variants
Add component (AddParameter): Name = "Allied_Number"; Value = "70042958"; VariantName = "[No Variations]"
Add component (AddParameter): Name = "Allied Price/Stock"; Value = "https://www.alliedelec.com/teconnectivity-6-534206-0/70042958/"; VariantName = "[No Variations]"
Add component (AddParameter): Name = "Datasheet Link"; Value = "https://www.te.com/commerce/DocumentDelivery/DDEController?Action=showdoc&DocId=Customer+Drawing%7F534206%7FR7%7Fpdf%7FEnglish%7FENG_CD_534206_R7.pdf%7F6-534206-0"; VariantName = "[No Variations]"
Add component (AddParameter): Name = "Height"; Value = "8.64mm"; VariantName = "[No Variations]"
Add component (AddParameter): Name = "Manufacturer_Name"; Value = "TE Connectivity"; VariantName = "[No Variations]"
Add component (AddParameter): Name = "Manufacturer_Part_Number"; Value = "6-534206-0"; VariantName = "[No Variations]"
Add component (AddParameter): Name = "Mouser Part Number"; Value = "571-6-534206-0"; VariantName = "[No Variations]"
Add component (AddParameter): Name = "Mouser Price/Stock"; Value = "https://www.mouser.com/Search/Refine.aspx?Keyword=571-6-534206-0"; VariantName = "[No Variations]"
Add component (AddParameter): Name = "RS Part Number"; Value = "6803445P"; VariantName = "[No Variations]"
Add component (AddParameter): Name = "RS Price/Stock"; Value = "http://uk.rs-online.com/web/p/products/6803445P"; VariantName = "[No Variations]"
Added Pin To Net: NetName=+3V3 Pin=J1-1
Added Pin To Net: NetName=+5V Pin=J1-21
Added Pin To Net: NetName=GND Pin=J1-22
Added Pin To Net: NetName=APS2VD Pin=J1-25
Added Pin To Net: NetName=TPS2VP Pin=J1-26
Added Pin To Net: NetName=APS1VD Pin=J1-28
Added Pin To Net: NetName=TPS1VD Pin=J1-29
Added Pin To Net: NetName=MDSG Pin=J1-30
Added Pin To Net: NetName=ENB Pin=J3-15
Added Pin To Net: NetName=RST Pin=J3-16
Added Pin To Net: NetName=ENA Pin=J3-17
Added Pin To Net: NetName=INB Pin=J3-18
Added Pin To Net: NetName=INA Pin=J3-19
Added Pin To Net: NetName=GND Pin=J3-20
Added Pin To Net: NetName=EBOOST Pin=J3-33
Added Pin To Net: NetName=SHDW Pin=J3-34
Added Pin To Net: NetName=SHUP Pin=J3-35
Added Pin To Net: NetName=RLWE Pin=J3-36
Added Pin To Net: NetName=RRWE Pin=J3-37
Added Pin To Net: NetName=FRWE Pin=J3-38
Added Pin To Net: NetName=FLWE Pin=J3-39
Added Pin To Net: NetName=TPWM Pin=J3-40
Added Pin To Net: NetName=+3V3 Pin=J4-41
Added Pin To Net: NetName=UARTRX Pin=J4-43
Added Pin To Net: NetName=UARTTX Pin=J4-44
Added Pin To Net: NetName=MDSW Pin=J4-45
Added Pin To Net: NetName=MRSW Pin=J4-46
Added Pin To Net: NetName=SPICLK Pin=J4-47
Added Pin To Net: NetName=I2CSCL Pin=J4-49
Added Pin To Net: NetName=I2CSDA Pin=J4-50
Added Pin To Net: NetName=+5V Pin=J4-61
Added Pin To Net: NetName=GND Pin=J4-62
Added Pin To Net: NetName=RRSTVD Pin=J4-64
Added Pin To Net: NetName=RBPVD Pin=J4-65
Added Pin To Net: NetName=FLSTVD Pin=J4-66
Added Pin To Net: NetName=FRSTVD Pin=J4-67
Added Pin To Net: NetName=FBPVD Pin=J4-68
Added Pin To Net: NetName=RLSTVD Pin=J4-69
Added Pin To Net: NetName=MRSG Pin=J4-70
Added Pin To Net: NetName=SPICS Pin=J5-52
Added Pin To Net: NetName=SPICD Pin=J5-53
Added Pin To Net: NetName=SPIMISO Pin=J5-54
Added Pin To Net: NetName=SPIMOSI Pin=J5-55
Added Pin To Net: NetName=RST Pin=J5-56
Added Pin To Net: NetName=GND Pin=J5-60
Added Pin To Net: NetName=TSMSVD Pin=J5-79
Added Pin To Net: NetName=CPBRBVD Pin=J5-80
Added Member To Class: ClassName=Sheet1 Member=Component J1 6-534206-0
Added Member To Class: ClassName=Sheet1 Member=Component J3 6-534206-0
Added Member To Class: ClassName=Sheet1 Member=Component J4 6-534206-0
Added Member To Class: ClassName=Sheet1 Member=Component J5 6-534206-0
Added Room: Name=Sheet1
