Added Member To Class: ClassName=Sheet1 Member=Component C1 GMK316BJ106KL-T
Added Member To Class: ClassName=Sheet1 Member=Component C2 GMK316BJ106KL-T
Added Member To Class: ClassName=Sheet1 Member=Component C3 GMK316BJ106KL-T
Added Member To Class: ClassName=Sheet1 Member=Component C4 GMK316BJ106KL-T
Added Member To Class: ClassName=Sheet1 Member=Component C5 GMK316BJ106KL-T
Added Member To Class: ClassName=Sheet1 Member=Component C6 C1210C107M4PAC7800
Added Member To Class: ClassName=Sheet1 Member=Component C7 GRM0332C1E100JD01D
Added Member To Class: ClassName=Sheet1 Member=Component C8 GMK316BJ106KL-T
Added Member To Class: ClassName=Sheet1 Member=Component C9 GMK316BJ106KL-T
Added Member To Class: ClassName=Sheet1 Member=Component C10 GMK316BJ106KL-T
Added Member To Class: ClassName=Sheet1 Member=Component C11 GMK316BJ106KL-T
Added Member To Class: ClassName=Sheet1 Member=Component C12 C1210C107M4PAC7800
Added Member To Class: ClassName=Sheet1 Member=Component IC1 MCP6022-E_SN
Added Member To Class: ClassName=Sheet1 Member=Component IC2 GTL2000DGG,118
Added Member To Class: ClassName=Sheet1 Member=Component J1 6-534206-0
Added Member To Class: ClassName=Sheet1 Member=Component J2 6-534206-0
Added Member To Class: ClassName=Sheet1 Member=Component J3 6-534206-0
Added Member To Class: ClassName=Sheet1 Member=Component J4 6-534206-0
Added Member To Class: ClassName=Sheet1 Member=Component J5 776087-1
Added Member To Class: ClassName=Sheet1 Member=Component J6 776087-1
Added Member To Class: ClassName=Sheet1 Member=Component P1 Header 5
Added Member To Class: ClassName=Sheet1 Member=Component PS1 OKR-T_10-W12-C
Added Member To Class: ClassName=Sheet1 Member=Component R1 6190
Added Member To Class: ClassName=Sheet1 Member=Component R2 6190
Added Member To Class: ClassName=Sheet1 Member=Component R3 6190
Added Member To Class: ClassName=Sheet1 Member=Component R4 22000
Added Member To Class: ClassName=Sheet1 Member=Component R5 6190
Added Member To Class: ClassName=Sheet1 Member=Component R6 6190
Added Member To Class: ClassName=Sheet1 Member=Component R7 9760
Added Member To Class: ClassName=Sheet1 Member=Component R8 9760
Added Member To Class: ClassName=Sheet1 Member=Component R9 9760
Added Member To Class: ClassName=Sheet1 Member=Component R10 9760
Added Member To Class: ClassName=Sheet1 Member=Component R11 9760
Added Member To Class: ClassName=Sheet1 Member=Component R12 6800
Added Member To Class: ClassName=Sheet1 Member=Component R13 200k
Added Member To Class: ClassName=Sheet1 Member=Component R14 6800
Added Member To Class: ClassName=Sheet1 Member=Component R15 9760
Added Member To Class: ClassName=Sheet1 Member=Component R16 9760
Added Member To Class: ClassName=Sheet1 Member=Component R17 9760
Added Member To Class: ClassName=Sheet1 Member=Component R18 9760
Added Member To Class: ClassName=Sheet1 Member=Component R19 9760
Added Member To Class: ClassName=Sheet1 Member=Component R20 432
Added Member To Class: ClassName=Sheet1 Member=Component R21 6190
Added Member To Class: ClassName=Sheet1 Member=Component R22 6190
Added Member To Class: ClassName=Sheet1 Member=Component R23 22000
Added Member To Class: ClassName=Sheet1 Member=Component R24 6190
Added Member To Class: ClassName=Sheet1 Member=Component R25 6190
Added Member To Class: ClassName=Sheet1 Member=Component R26 6190
Added Member To Class: ClassName=Sheet1 Member=Component R27 22000
Added Member To Class: ClassName=Sheet1 Member=Component R28 22000
Added Member To Class: ClassName=Sheet1 Member=Component R29 22000
Added Member To Class: ClassName=Sheet1 Member=Component R30 22000
