Removed Pin From Net: NetName=+12V Pin=C6-2
Removed Pin From Net: NetName=+12V Pin=D1-3
Change Component Designator: OldDesignator=C1 NewDesignator=C4
Change Component Designator: OldDesignator=C2 NewDesignator=C5
Change Component Designator: OldDesignator=C3 NewDesignator=C7
Change Component Designator: OldDesignator=C4 NewDesignator=C9
Change Component Designator: OldDesignator=C5 NewDesignator=C8
Change Component Designator: OldDesignator=C6 NewDesignator=C2
Change Component Designator: OldDesignator=C7 NewDesignator=C10
Change Component Designator: OldDesignator=C8 NewDesignator=C1
Change Component Designator: OldDesignator=C9 NewDesignator=C6
Change Component Designator: OldDesignator=C10 NewDesignator=C12
Change Component Designator: OldDesignator=IC1 NewDesignator=IC2
Change Component Designator: OldDesignator=IC2 NewDesignator=IC1
Change Component Designator: OldDesignator=J1 NewDesignator=J3
Change Component Designator: OldDesignator=J2 NewDesignator=J1
Change Component Designator: OldDesignator=J3 NewDesignator=J4
Change Component Designator: OldDesignator=J4 NewDesignator=J2
Change Component Designator: OldDesignator=J5 NewDesignator=J6
Change Component Designator: OldDesignator=J6 NewDesignator=J5
Change Component Designator: OldDesignator=R1 NewDesignator=R27
Change Component Designator: OldDesignator=R2 NewDesignator=R22
Change Component Designator: OldDesignator=R3 NewDesignator=R26
Change Component Designator: OldDesignator=R4 NewDesignator=R6
Change Component Designator: OldDesignator=R5 NewDesignator=R25
Change Component Designator: OldDesignator=R6 NewDesignator=R24
Change Component Designator: OldDesignator=R7 NewDesignator=R5
Change Component Designator: OldDesignator=R8 NewDesignator=R3
Change Component Designator: OldDesignator=R9 NewDesignator=R2
Change Component Designator: OldDesignator=R10 NewDesignator=R21
Change Component Designator: OldDesignator=R11 NewDesignator=R1
Change Component Designator: OldDesignator=R12 NewDesignator=R28
Change Component Designator: OldDesignator=R14 NewDesignator=R23
Change Component Designator: OldDesignator=R15 NewDesignator=R4
Change Component Designator: OldDesignator=R16 NewDesignator=R20
Change Component Designator: OldDesignator=R17 NewDesignator=R12
Change Component Designator: OldDesignator=R18 NewDesignator=R14
Change Component Designator: OldDesignator=R19 NewDesignator=R30
Change Component Designator: OldDesignator=R20 NewDesignator=R15
Change Component Designator: OldDesignator=R21 NewDesignator=R11
Change Component Designator: OldDesignator=R22 NewDesignator=R9
Change Component Designator: OldDesignator=R23 NewDesignator=R8
Change Component Designator: OldDesignator=R24 NewDesignator=R10
Change Component Designator: OldDesignator=R25 NewDesignator=R18
Change Component Designator: OldDesignator=R26 NewDesignator=R17
Change Component Designator: OldDesignator=R27 NewDesignator=R7
Change Component Designator: OldDesignator=R28 NewDesignator=R16
Change Component Designator: OldDesignator=R29 NewDesignator=R19
Change Component Designator: OldDesignator=R30 NewDesignator=R29
Added Pin To Net: NetName=NetC1_1 Pin=C1-1
Added Pin To Net: NetName=NetC1_1 Pin=J5-15
Added Net: Name=NetC1_1
Added Member To Class: ClassName=Sheet1 Member=Component C5 GMK316BJ106KL-T
Added Member To Class: ClassName=Sheet1 Member=Component C6 GMK316BJ106KL-T
Added Member To Class: ClassName=Sheet1 Member=Component C8 GMK316BJ106KL-T
Added Member To Class: ClassName=Sheet1 Member=Component C9 GMK316BJ106KL-T
Added Member To Class: ClassName=Sheet1 Member=Component C12 GMK316BJ106KL-T
Added Member To Class: ClassName=Sheet1 Member=Component IC2 MCP6022-E_SN
Added Member To Class: ClassName=Sheet1 Member=Component J1 6-534206-0
Added Member To Class: ClassName=Sheet1 Member=Component J4 6-534206-0
Added Member To Class: ClassName=Sheet1 Member=Component J6 776087-1
Added Member To Class: ClassName=Sheet1 Member=Component R6 6190
Added Member To Class: ClassName=Sheet1 Member=Component R7 9760
Added Member To Class: ClassName=Sheet1 Member=Component R10 9760
Added Member To Class: ClassName=Sheet1 Member=Component R15 9760
Added Member To Class: ClassName=Sheet1 Member=Component R20 432
Added Member To Class: ClassName=Sheet1 Member=Component R21 6190
Added Member To Class: ClassName=Sheet1 Member=Component R22 6190
Added Member To Class: ClassName=Sheet1 Member=Component R23 22000
Added Member To Class: ClassName=Sheet1 Member=Component R24 6190
Added Member To Class: ClassName=Sheet1 Member=Component R25 6190
Added Member To Class: ClassName=Sheet1 Member=Component R26 6190
Added Member To Class: ClassName=Sheet1 Member=Component R27 22000
Added Member To Class: ClassName=Sheet1 Member=Component R28 22000
Added Member To Class: ClassName=Sheet1 Member=Component R30 22000
Added Room: Name=Sheet1
