Removed Pin From Net: NetName=GND Pin=C1-2
Removed Pin From Net: NetName=GND Pin=C2-1
Removed Pin From Net: NetName=GND Pin=C4-1
Removed Pin From Net: NetName=GND Pin=C5-1
Removed Pin From Net: NetName=GND Pin=C6-1
Removed Pin From Net: NetName=GND Pin=C7-1
Removed Pin From Net: NetName=GND Pin=C8-1
Removed Pin From Net: NetName=GND Pin=C9-1
Removed Pin From Net: NetName=GND Pin=C10-1
Removed Pin From Net: NetName=GND Pin=C11-1
Removed Pin From Net: NetName=GND Pin=C12-1
Removed Pin From Net: NetName=GND Pin=IC1-1
Removed Pin From Net: NetName=GND Pin=IC2-4
Removed Pin From Net: NetName=GND Pin=J1-22
Removed Pin From Net: NetName=GND Pin=J2-20
Removed Pin From Net: NetName=GND Pin=J3-62
Removed Pin From Net: NetName=GND Pin=J4-60
Removed Pin From Net: NetName=GND Pin=J5-14
Removed Pin From Net: NetName=GND Pin=J6-14
Removed Pin From Net: NetName=GND Pin=P1-3
Removed Pin From Net: NetName=GND Pin=PS1-3
Removed Pin From Net: NetName=GND Pin=R20-2
Removed Pin From Net: NetName=GND Pin=R29-2
Removed Pin From Net: NetName=GND Pin=R30-2
Change Net Name : Old Net Name=GND New Net Name=NetR7_1
Added Pin To Net: NetName=NetC1_2 Pin=C1-2
Added Pin To Net: NetName=NetC1_2 Pin=J5-14
Added Net: Name=NetC1_2
Added Pin To Net: NetName=NetC2_1 Pin=C2-1
Added Pin To Net: NetName=NetC2_1 Pin=C4-1
Added Pin To Net: NetName=NetC2_1 Pin=C5-1
Added Pin To Net: NetName=NetC2_1 Pin=C6-1
Added Pin To Net: NetName=NetC2_1 Pin=C7-1
Added Pin To Net: NetName=NetC2_1 Pin=C9-1
Added Pin To Net: NetName=NetC2_1 Pin=C10-1
Added Pin To Net: NetName=NetC2_1 Pin=C11-1
Added Pin To Net: NetName=NetC2_1 Pin=C12-1
Added Net: Name=NetC2_1
