Change Component Designator: OldDesignator=C1 NewDesignator=C2
Change Component Designator: OldDesignator=C2 NewDesignator=C4
Change Component Designator: OldDesignator=C3 NewDesignator=C5
Change Component Designator: OldDesignator=C4 NewDesignator=C6
Change Component Designator: OldDesignator=C5 NewDesignator=C7
Change Component Designator: OldDesignator=C6 NewDesignator=C1
Change Component Designator: OldDesignator=C7 NewDesignator=C8
Change Component Designator: OldDesignator=C8 NewDesignator=C9
Change Component Designator: OldDesignator=C9 NewDesignator=C10
Change Component Designator: OldDesignator=C10 NewDesignator=C11
Change Component Designator: OldDesignator=C11 NewDesignator=C12
Change Component Designator: OldDesignator=C12 NewDesignator=C3
Change Component Designator: OldDesignator=IC1 NewDesignator=IC2
Change Component Designator: OldDesignator=IC2 NewDesignator=IC1
Change Component Designator: OldDesignator=J2 NewDesignator=J3
Change Component Designator: OldDesignator=J3 NewDesignator=J4
Change Component Designator: OldDesignator=J4 NewDesignator=J5
Change Component Designator: OldDesignator=J5 NewDesignator=J2
Change Net Name : Old Net Name=NetC7_2 New Net Name=NetC8_2
Change Net Name : Old Net Name=NetIC1_2 New Net Name=NetIC2_2
Change Net Name : Old Net Name=NetIC1_6 New Net Name=NetIC2_6
Change Net Name : Old Net Name=NetIC2_36 New Net Name=NetIC1_36
Change Net Name : Old Net Name=NetIC2_37 New Net Name=NetIC1_37
Change Net Name : Old Net Name=NetIC2_38 New Net Name=NetIC1_38
Change Net Name : Old Net Name=NetIC2_39 New Net Name=NetIC1_39
Change Net Name : Old Net Name=NetIC2_40 New Net Name=NetIC1_40
Change Net Name : Old Net Name=NetIC2_41 New Net Name=NetIC1_41
Change Net Name : Old Net Name=NetIC2_42 New Net Name=NetIC1_42
Change Net Name : Old Net Name=NetIC2_43 New Net Name=NetIC1_43
Change Net Name : Old Net Name=NetIC2_44 New Net Name=NetIC1_44
Change Net Name : Old Net Name=NetIC2_45 New Net Name=NetIC1_45
Change Net Name : Old Net Name=NetIC2_46 New Net Name=NetIC1_46
Added Member To Class: ClassName=Sheet1 Member=Component C1 C1210C107M4PAC7800
Added Member To Class: ClassName=Sheet1 Member=Component C2 GMK316BJ106KL-T
Added Member To Class: ClassName=Sheet1 Member=Component C3 C1210C107M4PAC7800
Added Member To Class: ClassName=Sheet1 Member=Component C4 GMK316BJ106KL-T
Added Member To Class: ClassName=Sheet1 Member=Component C5 GMK316BJ106KL-T
Added Member To Class: ClassName=Sheet1 Member=Component C6 GMK316BJ106KL-T
Added Member To Class: ClassName=Sheet1 Member=Component C7 GMK316BJ106KL-T
Added Member To Class: ClassName=Sheet1 Member=Component C8 GRM0332C1E100JD01D
Added Member To Class: ClassName=Sheet1 Member=Component C9 GMK316BJ106KL-T
Added Member To Class: ClassName=Sheet1 Member=Component C10 GMK316BJ106KL-T
Added Member To Class: ClassName=Sheet1 Member=Component C11 GMK316BJ106KL-T
Added Member To Class: ClassName=Sheet1 Member=Component C12 GMK316BJ106KL-T
Added Member To Class: ClassName=Sheet1 Member=Component IC1 GTL2000DGG,118
Added Member To Class: ClassName=Sheet1 Member=Component IC2 MCP6022-E_SN
Added Member To Class: ClassName=Sheet1 Member=Component J1 6-534206-0
Added Member To Class: ClassName=Sheet1 Member=Component J2 776087-1
Added Member To Class: ClassName=Sheet1 Member=Component J3 6-534206-0
Added Member To Class: ClassName=Sheet1 Member=Component J4 6-534206-0
Added Member To Class: ClassName=Sheet1 Member=Component J5 6-534206-0
Added Member To Class: ClassName=Sheet1 Member=Component J6 776087-1
Added Member To Class: ClassName=Sheet1 Member=Component P1 Header 5
Added Member To Class: ClassName=Sheet1 Member=Component PS1 OKR-T_10-W12-C
Added Member To Class: ClassName=Sheet1 Member=Component R1 6190
Added Member To Class: ClassName=Sheet1 Member=Component R2 6190
Added Member To Class: ClassName=Sheet1 Member=Component R3 6190
Added Member To Class: ClassName=Sheet1 Member=Component R4 22000
Added Member To Class: ClassName=Sheet1 Member=Component R5 6190
Added Member To Class: ClassName=Sheet1 Member=Component R6 6190
Added Member To Class: ClassName=Sheet1 Member=Component R7 9760
Added Member To Class: ClassName=Sheet1 Member=Component R8 9760
Added Member To Class: ClassName=Sheet1 Member=Component R9 9760
Added Member To Class: ClassName=Sheet1 Member=Component R10 9760
Added Member To Class: ClassName=Sheet1 Member=Component R11 9760
Added Member To Class: ClassName=Sheet1 Member=Component R12 6800
Added Member To Class: ClassName=Sheet1 Member=Component R13 200k
Added Member To Class: ClassName=Sheet1 Member=Component R14 6800
Added Member To Class: ClassName=Sheet1 Member=Component R15 9760
Added Member To Class: ClassName=Sheet1 Member=Component R16 9760
Added Member To Class: ClassName=Sheet1 Member=Component R17 9760
Added Member To Class: ClassName=Sheet1 Member=Component R18 9760
Added Member To Class: ClassName=Sheet1 Member=Component R19 9760
Added Member To Class: ClassName=Sheet1 Member=Component R20 432
Added Member To Class: ClassName=Sheet1 Member=Component R21 6190
Added Member To Class: ClassName=Sheet1 Member=Component R22 6190
Added Member To Class: ClassName=Sheet1 Member=Component R23 22000
Added Member To Class: ClassName=Sheet1 Member=Component R24 6190
Added Member To Class: ClassName=Sheet1 Member=Component R25 6190
Added Member To Class: ClassName=Sheet1 Member=Component R26 6190
Added Member To Class: ClassName=Sheet1 Member=Component R27 22000
Added Member To Class: ClassName=Sheet1 Member=Component R28 22000
Added Member To Class: ClassName=Sheet1 Member=Component R29 22000
Added Member To Class: ClassName=Sheet1 Member=Component R30 22000
